build/app/intermediates/manifest_merge_blame_file/debug/manifest-merger-blame-debug-report.txt
1<?xml version="1.0" encoding="utf-8"?>
2<manifest xmlns:android="http://schemas.android.com/apk/res/android"
3    package="com.example.appnode"
4    android:versionCode="1"
5    android:versionName="1.0.0" >
6
7    <uses-sdk
8        android:minSdkVersion="16"
9        android:targetSdkVersion="28" />
10    <!--
11         Flutter needs it to communicate with the running application
12         to allow setting breakpoints, to provide hot reload, etc.
13    -->
14    <uses-permission android:name="android.permission.INTERNET" />
14-->src\debug\AndroidManifest.xml:6:5-66
14-->src\debug\AndroidManifest.xml:6:22-64
15    <uses-permission android:name="android.permission.READ_PHONE_STATE" />
15-->[:imei_plugin] AndroidManifest.xml:7:5-75
15-->[:imei_plugin] AndroidManifest.xml:7:22-72
16    <uses-permission android:name="android.permission.WAKE_LOCK" />
16-->[:firebase_messaging] AndroidManifest.xml:8:5-68
16-->[:firebase_messaging] AndroidManifest.xml:8:22-65
17    <uses-permission android:name="android.permission.ACCESS_NETWORK_STATE" />
17-->[:firebase_messaging] AndroidManifest.xml:9:5-79
17-->[:firebase_messaging] AndroidManifest.xml:9:22-76
18    <uses-permission android:name="android.permission.RECEIVE_BOOT_COMPLETED" />
18-->[:flutter_local_notifications] AndroidManifest.xml:7:5-81
18-->[:flutter_local_notifications] AndroidManifest.xml:7:22-78
19    <uses-permission android:name="android.permission.VIBRATE" />
19-->[:flutter_local_notifications] AndroidManifest.xml:8:5-66
19-->[:flutter_local_notifications] AndroidManifest.xml:8:22-63
20    <uses-permission android:name="android.permission.USE_FULL_SCREEN_INTENT" /> <!-- Samsung Badge -->
20-->[:flutter_local_notifications] AndroidManifest.xml:9:5-81
20-->[:flutter_local_notifications] AndroidManifest.xml:9:22-78
21    <uses-permission android:name="com.sec.android.provider.badge.permission.READ" />
21-->[:awesome_notifications] AndroidManifest.xml:8:5-86
21-->[:awesome_notifications] AndroidManifest.xml:8:22-83
22    <uses-permission android:name="com.sec.android.provider.badge.permission.WRITE" /> <!-- Sony Badge -->
22-->[:awesome_notifications] AndroidManifest.xml:9:5-87
22-->[:awesome_notifications] AndroidManifest.xml:9:22-84
23    <uses-permission android:name="com.sonyericsson.home.permission.BROADCAST_BADGE" /> <!-- HTC Badge -->
23-->[:awesome_notifications] AndroidManifest.xml:12:5-88
23-->[:awesome_notifications] AndroidManifest.xml:12:22-85
24    <uses-permission android:name="com.htc.launcher.permission.READ_SETTINGS" />
24-->[:awesome_notifications] AndroidManifest.xml:15:5-81
24-->[:awesome_notifications] AndroidManifest.xml:15:22-78
25    <uses-permission android:name="com.htc.launcher.permission.UPDATE_SHORTCUT" /> <!-- Required by older versions of Google Play services to create IID tokens -->
25-->[:awesome_notifications] AndroidManifest.xml:16:5-83
25-->[:awesome_notifications] AndroidManifest.xml:16:22-80
26    <uses-permission android:name="com.google.android.c2dm.permission.RECEIVE" />
26-->[com.google.firebase:firebase-messaging:22.0.0] AndroidManifest.xml:25:5-82
26-->[com.google.firebase:firebase-messaging:22.0.0] AndroidManifest.xml:25:22-79
27    <uses-permission android:name="com.google.android.finsky.permission.BIND_GET_INSTALL_REFERRER_SERVICE" />
27-->[com.google.android.gms:play-services-measurement:19.0.0] AndroidManifest.xml:26:5-110
27-->[com.google.android.gms:play-services-measurement:19.0.0] AndroidManifest.xml:26:22-107
28    <!--
29 io.flutter.app.FlutterApplication is an android.app.Application that
30         calls FlutterMain.startInitialization(this); in its onCreate method.
31         In most cases you can leave this as-is, but you if you want to provide
32         additional functionality it is fine to subclass or reimplement
33         FlutterApplication and put your custom class here.
34    -->
35    <application
35-->src\main\AndroidManifest.xml:8:5-31:19
36        android:name="io.flutter.app.FlutterApplication"
36-->src\main\AndroidManifest.xml:9:9-57
37        android:appComponentFactory="androidx.core.app.CoreComponentFactory"
37-->[androidx.core:core:1.3.1] AndroidManifest.xml:24:18-86
38        android:debuggable="true"
39        android:icon="@mipmap/ic_launcher"
39-->src\main\AndroidManifest.xml:11:9-43
40        android:label="appnode" >
40-->src\main\AndroidManifest.xml:10:9-32
41        <activity
41-->src\main\AndroidManifest.xml:12:9-25:20
42            android:name="com.example.appnode.MainActivity"
42-->src\main\AndroidManifest.xml:13:13-41
43            android:configChanges="orientation|keyboardHidden|keyboard|screenSize|smallestScreenSize|locale|layoutDirection|fontScale|screenLayout|density|uiMode"
43-->src\main\AndroidManifest.xml:16:13-163
44            android:hardwareAccelerated="true"
44-->src\main\AndroidManifest.xml:17:13-47
45            android:launchMode="singleTop"
45-->src\main\AndroidManifest.xml:14:13-43
46            android:theme="@style/LaunchTheme"
46-->src\main\AndroidManifest.xml:15:13-47
47            android:windowSoftInputMode="adjustResize" >
47-->src\main\AndroidManifest.xml:18:13-55
48            <intent-filter>
48-->src\main\AndroidManifest.xml:21:13-24:29
49                <action android:name="android.intent.action.MAIN" />
49-->src\main\AndroidManifest.xml:22:17-68
49-->src\main\AndroidManifest.xml:22:25-66
50
51                <category android:name="android.intent.category.LAUNCHER" />
51-->src\main\AndroidManifest.xml:23:17-76
51-->src\main\AndroidManifest.xml:23:27-74
52            </intent-filter>
53        </activity>
54        <!--
55             Don't delete the meta-data below.
56             This is used by the Flutter tool to generate GeneratedPluginRegistrant.java
57        -->
58        <meta-data
58-->src\main\AndroidManifest.xml:28:9-30:33
59            android:name="flutterEmbedding"
59-->src\main\AndroidManifest.xml:29:13-44
60            android:value="2" />
60-->src\main\AndroidManifest.xml:30:13-30
61
62        <service
62-->[:firebase_messaging] AndroidManifest.xml:12:9-15:72
63            android:name="io.flutter.plugins.firebase.messaging.FlutterFirebaseMessagingBackgroundService"
63-->[:firebase_messaging] AndroidManifest.xml:13:13-107
64            android:exported="false"
64-->[:firebase_messaging] AndroidManifest.xml:14:13-37
65            android:permission="android.permission.BIND_JOB_SERVICE" />
65-->[:firebase_messaging] AndroidManifest.xml:15:13-69
66        <service
66-->[:firebase_messaging] AndroidManifest.xml:16:9-22:19
67            android:name="io.flutter.plugins.firebase.messaging.FlutterFirebaseMessagingService"
67-->[:firebase_messaging] AndroidManifest.xml:17:13-97
68            android:exported="false" >
68-->[:firebase_messaging] AndroidManifest.xml:18:13-37
69            <intent-filter>
69-->[:firebase_messaging] AndroidManifest.xml:19:13-21:29
70                <action android:name="com.google.firebase.MESSAGING_EVENT" />
70-->[:firebase_messaging] AndroidManifest.xml:20:17-78
70-->[:firebase_messaging] AndroidManifest.xml:20:25-75
71            </intent-filter>
72        </service>
73
74        <receiver
74-->[:firebase_messaging] AndroidManifest.xml:24:9-31:20
75            android:name="io.flutter.plugins.firebase.messaging.FlutterFirebaseMessagingReceiver"
75-->[:firebase_messaging] AndroidManifest.xml:25:13-98
76            android:exported="true"
76-->[:firebase_messaging] AndroidManifest.xml:26:13-36
77            android:permission="com.google.android.c2dm.permission.SEND" >
77-->[:firebase_messaging] AndroidManifest.xml:27:13-73
78            <intent-filter>
78-->[:firebase_messaging] AndroidManifest.xml:28:13-30:29
79                <action android:name="com.google.android.c2dm.intent.RECEIVE" />
79-->[:firebase_messaging] AndroidManifest.xml:29:17-81
79-->[:firebase_messaging] AndroidManifest.xml:29:25-78
80            </intent-filter>
81        </receiver>
82
83        <service
83-->[:firebase_messaging] AndroidManifest.xml:33:9-37:19
84            android:name="com.google.firebase.components.ComponentDiscoveryService"
84-->[:firebase_messaging] AndroidManifest.xml:33:18-89
85            android:directBootAware="true"
85-->[com.google.firebase:firebase-common:20.0.0] AndroidManifest.xml:35:13-43
86            android:exported="false" >
86-->[com.google.firebase:firebase-messaging:22.0.0] AndroidManifest.xml:51:13-37
87            <meta-data
87-->[:firebase_messaging] AndroidManifest.xml:34:13-36:85
88                android:name="com.google.firebase.components:io.flutter.plugins.firebase.messaging.FlutterFirebaseAppRegistrar"
88-->[:firebase_messaging] AndroidManifest.xml:35:17-128
89                android:value="com.google.firebase.components.ComponentRegistrar" />
89-->[:firebase_messaging] AndroidManifest.xml:36:17-82
90            <meta-data
90-->[:cloud_firestore] AndroidManifest.xml:9:13-11:85
91                android:name="com.google.firebase.components:io.flutter.plugins.firebase.firestore.FlutterFirebaseFirestoreRegistrar"
91-->[:cloud_firestore] AndroidManifest.xml:10:17-134
92                android:value="com.google.firebase.components.ComponentRegistrar" />
92-->[:cloud_firestore] AndroidManifest.xml:11:17-82
93            <meta-data
93-->[:firebase_database] AndroidManifest.xml:9:13-11:85
94                android:name="com.google.firebase.components:io.flutter.plugins.firebase.database.FlutterFirebaseAppRegistrar"
94-->[:firebase_database] AndroidManifest.xml:10:17-127
95                android:value="com.google.firebase.components.ComponentRegistrar" />
95-->[:firebase_database] AndroidManifest.xml:11:17-82
96            <meta-data
96-->[:firebase_core] AndroidManifest.xml:9:13-11:85
97                android:name="com.google.firebase.components:io.flutter.plugins.firebase.core.FlutterFirebaseCoreRegistrar"
97-->[:firebase_core] AndroidManifest.xml:10:17-124
98                android:value="com.google.firebase.components.ComponentRegistrar" />
98-->[:firebase_core] AndroidManifest.xml:11:17-82
99            <meta-data
99-->[com.google.firebase:firebase-messaging:22.0.0] AndroidManifest.xml:52:13-54:85
100                android:name="com.google.firebase.components:com.google.firebase.messaging.FirebaseMessagingRegistrar"
100-->[com.google.firebase:firebase-messaging:22.0.0] AndroidManifest.xml:53:17-119
101                android:value="com.google.firebase.components.ComponentRegistrar" />
101-->[com.google.firebase:firebase-messaging:22.0.0] AndroidManifest.xml:54:17-82
102            <meta-data
102-->[com.google.firebase:firebase-firestore:23.0.1] AndroidManifest.xml:20:13-22:85
103                android:name="com.google.firebase.components:com.google.firebase.firestore.FirestoreRegistrar"
103-->[com.google.firebase:firebase-firestore:23.0.1] AndroidManifest.xml:21:17-111
104                android:value="com.google.firebase.components.ComponentRegistrar" />
104-->[com.google.firebase:firebase-firestore:23.0.1] AndroidManifest.xml:22:17-82
105            <meta-data
105-->[com.google.firebase:firebase-database:20.0.0] AndroidManifest.xml:32:13-34:85
106                android:name="com.google.firebase.components:com.google.firebase.database.DatabaseRegistrar"
106-->[com.google.firebase:firebase-database:20.0.0] AndroidManifest.xml:33:17-109
107                android:value="com.google.firebase.components.ComponentRegistrar" />
107-->[com.google.firebase:firebase-database:20.0.0] AndroidManifest.xml:34:17-82
108            <meta-data
108-->[com.google.android.gms:play-services-measurement-api:19.0.0] AndroidManifest.xml:30:13-32:85
109                android:name="com.google.firebase.components:com.google.firebase.analytics.connector.internal.AnalyticsConnectorRegistrar"
109-->[com.google.android.gms:play-services-measurement-api:19.0.0] AndroidManifest.xml:31:17-139
110                android:value="com.google.firebase.components.ComponentRegistrar" />
110-->[com.google.android.gms:play-services-measurement-api:19.0.0] AndroidManifest.xml:32:17-82
111            <meta-data
111-->[com.google.firebase:firebase-datatransport:18.0.0] AndroidManifest.xml:28:13-30:85
112                android:name="com.google.firebase.components:com.google.firebase.datatransport.TransportRegistrar"
112-->[com.google.firebase:firebase-datatransport:18.0.0] AndroidManifest.xml:29:17-115
113                android:value="com.google.firebase.components.ComponentRegistrar" />
113-->[com.google.firebase:firebase-datatransport:18.0.0] AndroidManifest.xml:30:17-82
114            <meta-data
114-->[com.google.firebase:firebase-installations:17.0.0] AndroidManifest.xml:18:13-20:85
115                android:name="com.google.firebase.components:com.google.firebase.installations.FirebaseInstallationsRegistrar"
115-->[com.google.firebase:firebase-installations:17.0.0] AndroidManifest.xml:19:17-127
116                android:value="com.google.firebase.components.ComponentRegistrar" />
116-->[com.google.firebase:firebase-installations:17.0.0] AndroidManifest.xml:20:17-82
117        </service>
118
119        <provider
119-->[:firebase_messaging] AndroidManifest.xml:39:9-43:38
120            android:name="io.flutter.plugins.firebase.messaging.FlutterFirebaseMessagingInitProvider"
120-->[:firebase_messaging] AndroidManifest.xml:40:13-102
121            android:authorities="com.example.appnode.flutterfirebasemessaginginitprovider"
121-->[:firebase_messaging] AndroidManifest.xml:41:13-88
122            android:exported="false"
122-->[:firebase_messaging] AndroidManifest.xml:42:13-37
123            android:initOrder="99" />
123-->[:firebase_messaging] AndroidManifest.xml:43:13-35
124
125        <activity
125-->[:url_launcher] AndroidManifest.xml:8:9-11:74
126            android:name="io.flutter.plugins.urllauncher.WebViewActivity"
126-->[:url_launcher] AndroidManifest.xml:9:13-74
127            android:exported="false"
127-->[:url_launcher] AndroidManifest.xml:10:13-37
128            android:theme="@android:style/Theme.NoTitleBar.Fullscreen" />
128-->[:url_launcher] AndroidManifest.xml:11:13-71
129
130        <receiver android:name="com.dexterous.flutterlocalnotifications.ScheduledNotificationReceiver" />
130-->[:flutter_local_notifications] AndroidManifest.xml:12:9-106
130-->[:flutter_local_notifications] AndroidManifest.xml:12:19-103
131        <receiver android:name="com.dexterous.flutterlocalnotifications.ScheduledNotificationBootReceiver" >
131-->[:flutter_local_notifications] AndroidManifest.xml:13:9-20:20
131-->[:flutter_local_notifications] AndroidManifest.xml:13:19-107
132            <intent-filter>
132-->[:flutter_local_notifications] AndroidManifest.xml:14:13-19:29
133                <action android:name="android.intent.action.BOOT_COMPLETED" />
133-->[:flutter_local_notifications] AndroidManifest.xml:15:17-79
133-->[:flutter_local_notifications] AndroidManifest.xml:15:25-76
134                <action android:name="android.intent.action.MY_PACKAGE_REPLACED" />
134-->[:flutter_local_notifications] AndroidManifest.xml:16:17-84
134-->[:flutter_local_notifications] AndroidManifest.xml:16:25-81
135                <action android:name="android.intent.action.QUICKBOOT_POWERON" />
135-->[:flutter_local_notifications] AndroidManifest.xml:17:17-82
135-->[:flutter_local_notifications] AndroidManifest.xml:17:25-79
136                <action android:name="com.htc.intent.action.QUICKBOOT_POWERON" />
136-->[:flutter_local_notifications] AndroidManifest.xml:18:17-82
136-->[:flutter_local_notifications] AndroidManifest.xml:18:25-79
137            </intent-filter>
138        </receiver>
139        <!--
140        <service
141            android:name=".services.firebase.FCMService"
142            android:exported="false">
143            <intent-filter>
144                <action android:name="com.google.firebase.MESSAGING_EVENT"/>
145            </intent-filter>
146        </service>
147
148        <service
149            android:name=".services.AutoCancelService"
150            android:stopWithTask="true" />
151
152        <meta-data android:name="firebase_messaging_auto_init_enabled" android:value="true" />
153
154        <meta-data
155            android:name="com.google.firebase.messaging.default_notification_channel_id"
156            android:value="me.carda.awesome_notifications.firebase.background_channel"/>
157        -->
158        <receiver android:name="me.carda.awesome_notifications.notifications.broadcastReceivers.DismissedNotificationReceiver" />
158-->[:awesome_notifications] AndroidManifest.xml:41:9-130
158-->[:awesome_notifications] AndroidManifest.xml:41:19-127
159        <receiver android:name="me.carda.awesome_notifications.notifications.broadcastReceivers.ScheduledNotificationReceiver" />
159-->[:awesome_notifications] AndroidManifest.xml:42:9-130
159-->[:awesome_notifications] AndroidManifest.xml:42:19-127
160        <receiver android:name="me.carda.awesome_notifications.notifications.broadcastReceivers.KeepOnTopActionReceiver" />
160-->[:awesome_notifications] AndroidManifest.xml:43:9-124
160-->[:awesome_notifications] AndroidManifest.xml:43:19-121
161        <receiver android:name="me.carda.awesome_notifications.notifications.broadcastReceivers.RefreshNotificationBootReceiver" >
161-->[:awesome_notifications] AndroidManifest.xml:44:9-54:20
161-->[:awesome_notifications] AndroidManifest.xml:44:19-129
162            <intent-filter>
162-->[:awesome_notifications] AndroidManifest.xml:45:13-53:29
163                <category android:name="android.intent.category.DEFAULT" />
163-->[:awesome_notifications] AndroidManifest.xml:46:17-76
163-->[:awesome_notifications] AndroidManifest.xml:46:27-73
164
165                <action android:name="android.intent.action.BOOT_COMPLETED" />
165-->[:flutter_local_notifications] AndroidManifest.xml:15:17-79
165-->[:flutter_local_notifications] AndroidManifest.xml:15:25-76
166                <action android:name="android.intent.action.LOCKED_BOOT_COMPLETED" />
166-->[:awesome_notifications] AndroidManifest.xml:49:17-86
166-->[:awesome_notifications] AndroidManifest.xml:49:25-83
167                <action android:name="android.intent.action.MY_PACKAGE_REPLACED" />
167-->[:flutter_local_notifications] AndroidManifest.xml:16:17-84
167-->[:flutter_local_notifications] AndroidManifest.xml:16:25-81
168                <action android:name="android.intent.action.QUICKBOOT_POWERON" />
168-->[:flutter_local_notifications] AndroidManifest.xml:17:17-82
168-->[:flutter_local_notifications] AndroidManifest.xml:17:25-79
169                <action android:name="com.htc.intent.action.QUICKBOOT_POWERON" />
169-->[:flutter_local_notifications] AndroidManifest.xml:18:17-82
169-->[:flutter_local_notifications] AndroidManifest.xml:18:25-79
170            </intent-filter>
171        </receiver>
172        <receiver android:name="androidx.media.session.MediaButtonReceiver" >
172-->[:awesome_notifications] AndroidManifest.xml:55:9-59:20
172-->[:awesome_notifications] AndroidManifest.xml:55:19-76
173            <intent-filter>
173-->[:awesome_notifications] AndroidManifest.xml:56:13-58:29
174                <action android:name="android.intent.action.MEDIA_BUTTON" />
174-->[:awesome_notifications] AndroidManifest.xml:57:17-77
174-->[:awesome_notifications] AndroidManifest.xml:57:25-74
175            </intent-filter>
176        </receiver>
177        <receiver
177-->[com.google.firebase:firebase-messaging:22.0.0] AndroidManifest.xml:28:9-35:20
178            android:name="com.google.firebase.iid.FirebaseInstanceIdReceiver"
178-->[com.google.firebase:firebase-messaging:22.0.0] AndroidManifest.xml:29:13-78
179            android:exported="true"
179-->[com.google.firebase:firebase-messaging:22.0.0] AndroidManifest.xml:30:13-36
180            android:permission="com.google.android.c2dm.permission.SEND" >
180-->[com.google.firebase:firebase-messaging:22.0.0] AndroidManifest.xml:31:13-73
181            <intent-filter>
181-->[:firebase_messaging] AndroidManifest.xml:28:13-30:29
182                <action android:name="com.google.android.c2dm.intent.RECEIVE" />
182-->[:firebase_messaging] AndroidManifest.xml:29:17-81
182-->[:firebase_messaging] AndroidManifest.xml:29:25-78
183            </intent-filter>
184        </receiver>
185        <!--
186             FirebaseMessagingService performs security checks at runtime,
187             but set to not exported to explicitly avoid allowing another app to call it.
188        -->
189        <service
189-->[com.google.firebase:firebase-messaging:22.0.0] AndroidManifest.xml:41:9-48:19
190            android:name="com.google.firebase.messaging.FirebaseMessagingService"
190-->[com.google.firebase:firebase-messaging:22.0.0] AndroidManifest.xml:42:13-82
191            android:directBootAware="true"
191-->[com.google.firebase:firebase-messaging:22.0.0] AndroidManifest.xml:43:13-43
192            android:exported="false" >
192-->[com.google.firebase:firebase-messaging:22.0.0] AndroidManifest.xml:44:13-37
193            <intent-filter android:priority="-500" >
193-->[:firebase_messaging] AndroidManifest.xml:19:13-21:29
194                <action android:name="com.google.firebase.MESSAGING_EVENT" />
194-->[:firebase_messaging] AndroidManifest.xml:20:17-78
194-->[:firebase_messaging] AndroidManifest.xml:20:25-75
195            </intent-filter>
196        </service>
197
198        <receiver
198-->[com.google.android.gms:play-services-measurement:19.0.0] AndroidManifest.xml:29:9-33:20
199            android:name="com.google.android.gms.measurement.AppMeasurementReceiver"
199-->[com.google.android.gms:play-services-measurement:19.0.0] AndroidManifest.xml:30:13-85
200            android:enabled="true"
200-->[com.google.android.gms:play-services-measurement:19.0.0] AndroidManifest.xml:31:13-35
201            android:exported="false" >
201-->[com.google.android.gms:play-services-measurement:19.0.0] AndroidManifest.xml:32:13-37
202        </receiver>
203
204        <service
204-->[com.google.android.gms:play-services-measurement:19.0.0] AndroidManifest.xml:35:9-38:40
205            android:name="com.google.android.gms.measurement.AppMeasurementService"
205-->[com.google.android.gms:play-services-measurement:19.0.0] AndroidManifest.xml:36:13-84
206            android:enabled="true"
206-->[com.google.android.gms:play-services-measurement:19.0.0] AndroidManifest.xml:37:13-35
207            android:exported="false" />
207-->[com.google.android.gms:play-services-measurement:19.0.0] AndroidManifest.xml:38:13-37
208        <service
208-->[com.google.android.gms:play-services-measurement:19.0.0] AndroidManifest.xml:39:9-43:72
209            android:name="com.google.android.gms.measurement.AppMeasurementJobService"
209-->[com.google.android.gms:play-services-measurement:19.0.0] AndroidManifest.xml:40:13-87
210            android:enabled="true"
210-->[com.google.android.gms:play-services-measurement:19.0.0] AndroidManifest.xml:41:13-35
211            android:exported="false"
211-->[com.google.android.gms:play-services-measurement:19.0.0] AndroidManifest.xml:42:13-37
212            android:permission="android.permission.BIND_JOB_SERVICE" />
212-->[com.google.android.gms:play-services-measurement:19.0.0] AndroidManifest.xml:43:13-69
213
214        <provider
214-->[com.google.firebase:firebase-common:20.0.0] AndroidManifest.xml:26:9-31:39
215            android:name="com.google.firebase.provider.FirebaseInitProvider"
215-->[com.google.firebase:firebase-common:20.0.0] AndroidManifest.xml:27:13-77
216            android:authorities="com.example.appnode.firebaseinitprovider"
216-->[com.google.firebase:firebase-common:20.0.0] AndroidManifest.xml:28:13-72
217            android:directBootAware="true"
217-->[com.google.firebase:firebase-common:20.0.0] AndroidManifest.xml:29:13-43
218            android:exported="false"
218-->[com.google.firebase:firebase-common:20.0.0] AndroidManifest.xml:30:13-37
219            android:initOrder="100" />
219-->[com.google.firebase:firebase-common:20.0.0] AndroidManifest.xml:31:13-36
220
221        <activity
221-->[com.google.android.gms:play-services-base:17.1.0] AndroidManifest.xml:23:9-26:75
222            android:name="com.google.android.gms.common.api.GoogleApiActivity"
222-->[com.google.android.gms:play-services-base:17.1.0] AndroidManifest.xml:24:13-79
223            android:exported="false"
223-->[com.google.android.gms:play-services-base:17.1.0] AndroidManifest.xml:25:13-37
224            android:theme="@android:style/Theme.Translucent.NoTitleBar" />
224-->[com.google.android.gms:play-services-base:17.1.0] AndroidManifest.xml:26:13-72
225
226        <meta-data
226-->[com.google.android.gms:play-services-basement:17.0.0] AndroidManifest.xml:23:9-25:69
227            android:name="com.google.android.gms.version"
227-->[com.google.android.gms:play-services-basement:17.0.0] AndroidManifest.xml:24:13-58
228            android:value="@integer/google_play_services_version" />
228-->[com.google.android.gms:play-services-basement:17.0.0] AndroidManifest.xml:25:13-66
229
230        <provider
230-->[androidx.lifecycle:lifecycle-process:2.2.0] AndroidManifest.xml:25:9-29:43
231            android:name="androidx.lifecycle.ProcessLifecycleOwnerInitializer"
231-->[androidx.lifecycle:lifecycle-process:2.2.0] AndroidManifest.xml:26:13-79
232            android:authorities="com.example.appnode.lifecycle-process"
232-->[androidx.lifecycle:lifecycle-process:2.2.0] AndroidManifest.xml:27:13-69
233            android:exported="false"
233-->[androidx.lifecycle:lifecycle-process:2.2.0] AndroidManifest.xml:28:13-37
234            android:multiprocess="true" />
234-->[androidx.lifecycle:lifecycle-process:2.2.0] AndroidManifest.xml:29:13-40
235
236        <service
236-->[com.google.android.datatransport:transport-backend-cct:3.0.0] AndroidManifest.xml:29:9-35:19
237            android:name="com.google.android.datatransport.runtime.backends.TransportBackendDiscovery"
237-->[com.google.android.datatransport:transport-backend-cct:3.0.0] AndroidManifest.xml:30:13-103
238            android:exported="false" >
238-->[com.google.android.datatransport:transport-backend-cct:3.0.0] AndroidManifest.xml:31:13-37
239            <meta-data
239-->[com.google.android.datatransport:transport-backend-cct:3.0.0] AndroidManifest.xml:32:13-34:39
240                android:name="backend:com.google.android.datatransport.cct.CctBackendFactory"
240-->[com.google.android.datatransport:transport-backend-cct:3.0.0] AndroidManifest.xml:33:17-94
241                android:value="cct" />
241-->[com.google.android.datatransport:transport-backend-cct:3.0.0] AndroidManifest.xml:34:17-36
242        </service>
243        <service
243-->[com.google.android.datatransport:transport-runtime:3.0.0] AndroidManifest.xml:26:9-30:19
244            android:name="com.google.android.datatransport.runtime.scheduling.jobscheduling.JobInfoSchedulerService"
244-->[com.google.android.datatransport:transport-runtime:3.0.0] AndroidManifest.xml:27:13-117
245            android:exported="false"
245-->[com.google.android.datatransport:transport-runtime:3.0.0] AndroidManifest.xml:28:13-37
246            android:permission="android.permission.BIND_JOB_SERVICE" >
246-->[com.google.android.datatransport:transport-runtime:3.0.0] AndroidManifest.xml:29:13-69
247        </service>
248
249        <receiver
249-->[com.google.android.datatransport:transport-runtime:3.0.0] AndroidManifest.xml:32:9-34:40
250            android:name="com.google.android.datatransport.runtime.scheduling.jobscheduling.AlarmManagerSchedulerBroadcastReceiver"
250-->[com.google.android.datatransport:transport-runtime:3.0.0] AndroidManifest.xml:33:13-132
251            android:exported="false" />
251-->[com.google.android.datatransport:transport-runtime:3.0.0] AndroidManifest.xml:34:13-37
252    </application>
253
254</manifest>